2022-10-10 09:21:12,597  INFO [TestNG-test=HighPriorityTest-1] SauceDemoProject1:43 - Browser open
2022-10-10 09:21:13,987  INFO [TestNG-test=HighPriorityTest-1] SauceDemoProject1:46 - Saucedemo website is open
2022-10-10 09:21:14,255  INFO [TestNG-test=HighPriorityTest-1] SauceDemoProject1:49 - maximize the window
2022-10-10 09:21:15,022  INFO [TestNG-test=HighPriorityTest-1] SauceDemoProject1:55 - username send
2022-10-10 09:21:16,164  INFO [TestNG-test=HighPriorityTest-1] SauceDemoProject1:58 - password send
2022-10-10 09:21:17,107  INFO [TestNG-test=HighPriorityTest-1] SauceDemoProject1:61 - click on login button
2022-10-10 09:21:20,681  INFO [TestNG-test=HighPriorityTest-1] SauceDemoProject1:68 - close Browser
2022-10-10 09:21:20,685  INFO [TestNG-test=HighPriorityTest-1] SauceDemoProject1:69 - End of Program
2022-10-10 09:36:18,557  INFO [TestNG-test=HighPriorityTest-2] SauceDemoProject1:43 - Browser open
2022-10-10 09:36:18,550  INFO [TestNG-test=HighPriorityTest-1] SauceDemoProject1:43 - Browser open
2022-10-10 09:36:18,563  INFO [TestNG-test=HighPriorityTest-3] SauceDemoProject1:43 - Browser open
2022-10-10 09:36:24,045  INFO [TestNG-test=HighPriorityTest-1] SauceDemoProject1:46 - Saucedemo website is open
2022-10-10 09:36:24,473  INFO [TestNG-test=HighPriorityTest-2] SauceDemoProject1:46 - Saucedemo website is open
2022-10-10 09:36:25,454  INFO [TestNG-test=HighPriorityTest-3] SauceDemoProject1:46 - Saucedemo website is open
2022-10-10 09:36:25,618  INFO [TestNG-test=HighPriorityTest-2] SauceDemoProject1:49 - maximize the window
2022-10-10 09:36:26,885  INFO [TestNG-test=HighPriorityTest-1] SauceDemoProject1:49 - maximize the window
2022-10-10 09:36:27,158  INFO [TestNG-test=HighPriorityTest-3] SauceDemoProject1:49 - maximize the window
2022-10-10 09:36:32,335  INFO [TestNG-test=HighPriorityTest-2] SauceDemoProject1:55 - username send
2022-10-10 09:36:32,896  INFO [TestNG-test=HighPriorityTest-1] SauceDemoProject1:55 - username send
2022-10-10 09:36:32,942  INFO [TestNG-test=HighPriorityTest-3] SauceDemoProject1:55 - username send
2022-10-10 09:36:33,477  INFO [TestNG-test=HighPriorityTest-2] SauceDemoProject1:58 - password send
2022-10-10 09:36:33,837  INFO [TestNG-test=HighPriorityTest-1] SauceDemoProject1:58 - password send
2022-10-10 09:36:33,948  INFO [TestNG-test=HighPriorityTest-3] SauceDemoProject1:58 - password send
2022-10-10 09:36:36,510  INFO [TestNG-test=HighPriorityTest-2] SauceDemoProject1:61 - click on login button
2022-10-10 09:36:39,208  INFO [TestNG-test=HighPriorityTest-1] SauceDemoProject1:61 - click on login button
2022-10-10 09:36:41,499  INFO [TestNG-test=HighPriorityTest-3] SauceDemoProject1:61 - click on login button
2022-10-10 09:36:43,526  INFO [TestNG-test=HighPriorityTest-1] SauceDemoProject1:22 - add to cart the product
2022-10-10 09:36:48,637  INFO [TestNG-test=HighPriorityTest-2] SauceDemoProject1:68 - close Browser
2022-10-10 09:36:48,640  INFO [TestNG-test=HighPriorityTest-2] SauceDemoProject1:69 - End of Program
2022-10-10 09:36:49,105  INFO [TestNG-test=HighPriorityTest-1] SauceDemoProject1:26 - product added to cart
2022-10-10 09:36:50,156  INFO [TestNG-test=HighPriorityTest-3] SauceDemoProject1:68 - close Browser
2022-10-10 09:36:50,158  INFO [TestNG-test=HighPriorityTest-3] SauceDemoProject1:69 - End of Program
2022-10-10 09:36:50,554  INFO [TestNG-test=HighPriorityTest-1] SauceDemoProject1:31 - click on checkout
2022-10-10 09:36:53,927  INFO [TestNG-test=HighPriorityTest-2] SauceDemoProject1:43 - Browser open
2022-10-10 09:36:57,663  INFO [TestNG-test=HighPriorityTest-3] SauceDemoProject1:43 - Browser open
2022-10-10 09:36:59,890  INFO [TestNG-test=HighPriorityTest-2] SauceDemoProject1:46 - Saucedemo website is open
2022-10-10 09:37:01,017  INFO [TestNG-test=HighPriorityTest-1] SauceDemoProject1:37 - first name,last name and pin code is added
2022-10-10 09:37:01,619  INFO [TestNG-test=HighPriorityTest-2] SauceDemoProject1:49 - maximize the window
2022-10-10 09:37:01,713  INFO [TestNG-test=HighPriorityTest-3] SauceDemoProject1:46 - Saucedemo website is open
2022-10-10 09:37:02,778  INFO [TestNG-test=HighPriorityTest-3] SauceDemoProject1:49 - maximize the window
2022-10-10 09:37:06,480  INFO [TestNG-test=HighPriorityTest-3] SauceDemoProject1:55 - username send
2022-10-10 09:37:06,749  INFO [TestNG-test=HighPriorityTest-2] SauceDemoProject1:55 - username send
2022-10-10 09:37:07,097  INFO [TestNG-test=HighPriorityTest-1] SauceDemoProject1:40 - click on continue button
2022-10-10 09:37:08,272  INFO [TestNG-test=HighPriorityTest-3] SauceDemoProject1:58 - password send
2022-10-10 09:37:08,726  INFO [TestNG-test=HighPriorityTest-2] SauceDemoProject1:58 - password send
2022-10-10 09:37:09,842  INFO [TestNG-test=HighPriorityTest-3] SauceDemoProject1:61 - click on login button
2022-10-10 09:37:11,157  INFO [TestNG-test=HighPriorityTest-2] SauceDemoProject1:61 - click on login button
2022-10-10 09:37:12,831  INFO [TestNG-test=HighPriorityTest-3] SauceDemoProject1:19 - add to cart the product
2022-10-10 09:37:13,132  INFO [TestNG-test=HighPriorityTest-2] SauceDemoProject1:19 - menu button click
2022-10-10 09:37:13,369  INFO [TestNG-test=HighPriorityTest-3] SauceDemoProject1:22 - product added to cart
2022-10-10 09:37:14,959  INFO [TestNG-test=HighPriorityTest-3] SauceDemoProject1:34 - click on checkout
2022-10-10 09:37:15,137  INFO [TestNG-test=HighPriorityTest-2] SauceDemoProject1:23 - sign out button click
2022-10-10 09:37:17,668  INFO [TestNG-test=HighPriorityTest-1] SauceDemoProject1:68 - close Browser
2022-10-10 09:37:17,670  INFO [TestNG-test=HighPriorityTest-1] SauceDemoProject1:69 - End of Program
2022-10-10 09:37:17,732  INFO [TestNG-test=HighPriorityTest-3] SauceDemoProject1:68 - close Browser
2022-10-10 09:37:17,734  INFO [TestNG-test=HighPriorityTest-3] SauceDemoProject1:69 - End of Program
2022-10-10 09:37:17,860  INFO [TestNG-test=HighPriorityTest-2] SauceDemoProject1:68 - close Browser
2022-10-10 09:37:17,862  INFO [TestNG-test=HighPriorityTest-2] SauceDemoProject1:69 - End of Program
2022-10-10 09:39:56,880  INFO [TestNG-test=HighPriorityTest-1] SauceDemoProject1:43 - Browser open
2022-10-10 09:39:56,874  INFO [TestNG-test=HighPriorityTest-2] SauceDemoProject1:43 - Browser open
2022-10-10 09:39:56,864  INFO [TestNG-test=HighPriorityTest-3] SauceDemoProject1:43 - Browser open
2022-10-10 09:39:56,886  INFO [TestNG-test=HighPriorityTest-4] SauceDemoProject1:43 - Browser open
2022-10-10 09:40:06,370  INFO [TestNG-test=HighPriorityTest-3] SauceDemoProject1:46 - Saucedemo website is open
2022-10-10 09:40:06,974  INFO [TestNG-test=HighPriorityTest-2] SauceDemoProject1:46 - Saucedemo website is open
2022-10-10 09:40:07,963  INFO [TestNG-test=HighPriorityTest-4] SauceDemoProject1:46 - Saucedemo website is open
2022-10-10 09:40:08,039  INFO [TestNG-test=HighPriorityTest-1] SauceDemoProject1:46 - Saucedemo website is open
2022-10-10 09:40:08,325  INFO [TestNG-test=HighPriorityTest-3] SauceDemoProject1:49 - maximize the window
2022-10-10 09:40:10,385  INFO [TestNG-test=HighPriorityTest-2] SauceDemoProject1:49 - maximize the window
2022-10-10 09:40:11,064  INFO [TestNG-test=HighPriorityTest-4] SauceDemoProject1:49 - maximize the window
2022-10-10 09:40:11,263  INFO [TestNG-test=HighPriorityTest-1] SauceDemoProject1:49 - maximize the window
2022-10-10 09:40:15,756  INFO [TestNG-test=HighPriorityTest-3] SauceDemoProject1:55 - username send
2022-10-10 09:40:19,158  INFO [TestNG-test=HighPriorityTest-3] SauceDemoProject1:58 - password send
2022-10-10 09:40:19,208  INFO [TestNG-test=HighPriorityTest-2] SauceDemoProject1:55 - username send
2022-10-10 09:40:19,343  INFO [TestNG-test=HighPriorityTest-4] SauceDemoProject1:55 - username send
2022-10-10 09:40:19,547  INFO [TestNG-test=HighPriorityTest-1] SauceDemoProject1:55 - username send
2022-10-10 09:40:20,438  INFO [TestNG-test=HighPriorityTest-2] SauceDemoProject1:58 - password send
2022-10-10 09:40:20,656  INFO [TestNG-test=HighPriorityTest-4] SauceDemoProject1:58 - password send
2022-10-10 09:40:20,813  INFO [TestNG-test=HighPriorityTest-1] SauceDemoProject1:58 - password send
2022-10-10 09:40:22,973  INFO [TestNG-test=HighPriorityTest-1] SauceDemoProject1:61 - click on login button
2022-10-10 09:40:23,636  INFO [TestNG-test=HighPriorityTest-3] SauceDemoProject1:61 - click on login button
2022-10-10 09:40:27,644  INFO [TestNG-test=HighPriorityTest-2] SauceDemoProject1:61 - click on login button
2022-10-10 09:40:28,850  INFO [TestNG-test=HighPriorityTest-4] SauceDemoProject1:61 - click on login button
2022-10-10 09:40:29,204  INFO [TestNG-test=HighPriorityTest-1] SauceDemoProject1:22 - add to cart the product
2022-10-10 09:40:29,626  INFO [TestNG-test=HighPriorityTest-4] SauceDemoProject1:19 - menu button click
2022-10-10 09:40:31,646  INFO [TestNG-test=HighPriorityTest-4] SauceDemoProject1:23 - sign out button click
2022-10-10 09:40:32,136  INFO [TestNG-test=HighPriorityTest-1] SauceDemoProject1:26 - product added to cart
2022-10-10 09:40:33,829  INFO [TestNG-test=HighPriorityTest-3] SauceDemoProject1:68 - close Browser
2022-10-10 09:40:33,831  INFO [TestNG-test=HighPriorityTest-3] SauceDemoProject1:69 - End of Program
2022-10-10 09:40:34,580  INFO [TestNG-test=HighPriorityTest-1] SauceDemoProject1:31 - click on checkout
2022-10-10 09:40:36,535  INFO [TestNG-test=HighPriorityTest-4] SauceDemoProject1:68 - close Browser
2022-10-10 09:40:36,536  INFO [TestNG-test=HighPriorityTest-4] SauceDemoProject1:69 - End of Program
2022-10-10 09:40:38,182  INFO [TestNG-test=HighPriorityTest-3] SauceDemoProject1:43 - Browser open
2022-10-10 09:40:38,862  INFO [TestNG-test=HighPriorityTest-1] SauceDemoProject1:37 - first name,last name and pin code is added
2022-10-10 09:40:40,568  INFO [TestNG-test=HighPriorityTest-3] SauceDemoProject1:46 - Saucedemo website is open
2022-10-10 09:40:40,958  INFO [TestNG-test=HighPriorityTest-1] SauceDemoProject1:40 - click on continue button
2022-10-10 09:40:41,053  INFO [TestNG-test=HighPriorityTest-3] SauceDemoProject1:49 - maximize the window
2022-10-10 09:40:42,429  INFO [TestNG-test=HighPriorityTest-3] SauceDemoProject1:55 - username send
2022-10-10 09:40:43,681  INFO [TestNG-test=HighPriorityTest-3] SauceDemoProject1:58 - password send
2022-10-10 09:40:45,040  INFO [TestNG-test=HighPriorityTest-2] SauceDemoProject1:68 - close Browser
2022-10-10 09:40:45,042  INFO [TestNG-test=HighPriorityTest-2] SauceDemoProject1:69 - End of Program
2022-10-10 09:40:45,981  INFO [TestNG-test=HighPriorityTest-3] SauceDemoProject1:61 - click on login button
2022-10-10 09:40:47,904  INFO [TestNG-test=HighPriorityTest-3] SauceDemoProject1:19 - add to cart the product
2022-10-10 09:40:48,340  INFO [TestNG-test=HighPriorityTest-3] SauceDemoProject1:22 - product added to cart
2022-10-10 09:40:48,742  INFO [TestNG-test=HighPriorityTest-1] SauceDemoProject1:68 - close Browser
2022-10-10 09:40:48,744  INFO [TestNG-test=HighPriorityTest-1] SauceDemoProject1:69 - End of Program
2022-10-10 09:40:49,409  INFO [TestNG-test=HighPriorityTest-3] SauceDemoProject1:34 - click on checkout
2022-10-10 09:40:50,469  INFO [TestNG-test=HighPriorityTest-3] SauceDemoProject1:68 - close Browser
2022-10-10 09:40:50,471  INFO [TestNG-test=HighPriorityTest-3] SauceDemoProject1:69 - End of Program
2022-10-10 09:40:59,154  INFO [TestNG-test=LowPriorityTest-1] SauceDemoProject1:43 - Browser open
2022-10-10 09:41:00,088  INFO [TestNG-test=LowPriorityTest-3] SauceDemoProject1:43 - Browser open
2022-10-10 09:41:00,227  INFO [TestNG-test=LowPriorityTest-2] SauceDemoProject1:43 - Browser open
2022-10-10 09:41:05,129  INFO [TestNG-test=LowPriorityTest-1] SauceDemoProject1:46 - Saucedemo website is open
2022-10-10 09:41:06,135  INFO [TestNG-test=LowPriorityTest-1] SauceDemoProject1:49 - maximize the window
2022-10-10 09:41:06,577  INFO [TestNG-test=LowPriorityTest-2] SauceDemoProject1:46 - Saucedemo website is open
2022-10-10 09:41:07,221  INFO [TestNG-test=LowPriorityTest-3] SauceDemoProject1:46 - Saucedemo website is open
2022-10-10 09:41:08,607  INFO [TestNG-test=LowPriorityTest-2] SauceDemoProject1:49 - maximize the window
2022-10-10 09:41:09,428  INFO [TestNG-test=LowPriorityTest-3] SauceDemoProject1:49 - maximize the window
2022-10-10 09:41:09,480  INFO [TestNG-test=LowPriorityTest-1] SauceDemoProject1:55 - username send
2022-10-10 09:41:14,346  INFO [TestNG-test=LowPriorityTest-1] SauceDemoProject1:58 - password send
2022-10-10 09:41:14,998  INFO [TestNG-test=LowPriorityTest-2] SauceDemoProject1:55 - username send
2022-10-10 09:41:15,522  INFO [TestNG-test=LowPriorityTest-3] SauceDemoProject1:55 - username send
2022-10-10 09:41:16,544  INFO [TestNG-test=LowPriorityTest-2] SauceDemoProject1:58 - password send
2022-10-10 09:41:16,703  INFO [TestNG-test=LowPriorityTest-3] SauceDemoProject1:58 - password send
2022-10-10 09:41:18,472  INFO [TestNG-test=LowPriorityTest-1] SauceDemoProject1:61 - click on login button
2022-10-10 09:41:19,950  INFO [TestNG-test=LowPriorityTest-2] SauceDemoProject1:61 - click on login button
2022-10-10 09:41:20,082  INFO [TestNG-test=LowPriorityTest-3] SauceDemoProject1:61 - click on login button
2022-10-10 09:41:20,240  INFO [TestNG-test=LowPriorityTest-1] SauceDemoProject1:18 - add to cart the product
2022-10-10 09:41:22,803  INFO [TestNG-test=LowPriorityTest-2] SauceDemoProject1:17 - click on filter
2022-10-10 09:41:23,621  INFO [TestNG-test=LowPriorityTest-3] SauceDemoProject1:18 - sauce bag is open
2022-10-10 09:41:23,623  INFO [TestNG-test=LowPriorityTest-3] SauceDemoProject1:19 - We are able to select product
2022-10-10 09:41:25,614  INFO [TestNG-test=LowPriorityTest-1] SauceDemoProject1:68 - close Browser
2022-10-10 09:41:25,616  INFO [TestNG-test=LowPriorityTest-1] SauceDemoProject1:69 - End of Program
2022-10-10 09:41:27,035  INFO [TestNG-test=LowPriorityTest-2] SauceDemoProject1:45 - we apply filter
2022-10-10 09:41:29,518  INFO [TestNG-test=LowPriorityTest-1] SauceDemoProject1:43 - Browser open
2022-10-10 09:41:31,384  INFO [TestNG-test=LowPriorityTest-3] SauceDemoProject1:68 - close Browser
2022-10-10 09:41:31,389  INFO [TestNG-test=LowPriorityTest-3] SauceDemoProject1:69 - End of Program
2022-10-10 09:41:31,442  INFO [TestNG-test=LowPriorityTest-1] SauceDemoProject1:46 - Saucedemo website is open
2022-10-10 09:41:31,790  INFO [TestNG-test=LowPriorityTest-1] SauceDemoProject1:49 - maximize the window
2022-10-10 09:41:32,365  INFO [TestNG-test=LowPriorityTest-2] SauceDemoProject1:68 - close Browser
2022-10-10 09:41:32,367  INFO [TestNG-test=LowPriorityTest-2] SauceDemoProject1:69 - End of Program
2022-10-10 09:41:32,488  INFO [TestNG-test=LowPriorityTest-1] SauceDemoProject1:55 - username send
2022-10-10 09:41:33,694  INFO [TestNG-test=LowPriorityTest-1] SauceDemoProject1:58 - password send
2022-10-10 09:41:34,630  INFO [TestNG-test=LowPriorityTest-1] SauceDemoProject1:61 - click on login button
2022-10-10 09:41:36,217  INFO [TestNG-test=LowPriorityTest-1] SauceDemoProject1:19 - menu button click
2022-10-10 09:41:44,685  INFO [TestNG-test=LowPriorityTest-1] SauceDemoProject1:22 - click on about button
2022-10-10 09:41:47,774  INFO [TestNG-test=LowPriorityTest-1] SauceDemoProject1:68 - close Browser
2022-10-10 09:41:47,776  INFO [TestNG-test=LowPriorityTest-1] SauceDemoProject1:69 - End of Program
2022-10-10 09:46:11,032  INFO [TestNG-test=HighPriorityTest-1] SauceDemoProject1:43 - Browser open
2022-10-10 09:46:11,025  INFO [TestNG-test=HighPriorityTest-3] SauceDemoProject1:43 - Browser open
2022-10-10 09:46:11,038  INFO [TestNG-test=HighPriorityTest-2] SauceDemoProject1:43 - Browser open
2022-10-10 09:46:17,549  INFO [TestNG-test=HighPriorityTest-2] SauceDemoProject1:46 - Saucedemo website is open
2022-10-10 09:46:17,559  INFO [TestNG-test=HighPriorityTest-3] SauceDemoProject1:46 - Saucedemo website is open
2022-10-10 09:46:18,731  INFO [TestNG-test=HighPriorityTest-2] SauceDemoProject1:49 - maximize the window
2022-10-10 09:46:18,999  INFO [TestNG-test=HighPriorityTest-1] SauceDemoProject1:46 - Saucedemo website is open
2022-10-10 09:46:19,438  INFO [TestNG-test=HighPriorityTest-3] SauceDemoProject1:49 - maximize the window
2022-10-10 09:46:20,460  INFO [TestNG-test=HighPriorityTest-1] SauceDemoProject1:49 - maximize the window
2022-10-10 09:46:22,933  INFO [TestNG-test=HighPriorityTest-2] SauceDemoProject1:55 - username send
2022-10-10 09:46:26,254  INFO [TestNG-test=HighPriorityTest-3] SauceDemoProject1:55 - username send
2022-10-10 09:46:26,616  INFO [TestNG-test=HighPriorityTest-2] SauceDemoProject1:58 - password send
2022-10-10 09:46:26,700  INFO [TestNG-test=HighPriorityTest-1] SauceDemoProject1:55 - username send
2022-10-10 09:46:27,258  INFO [TestNG-test=HighPriorityTest-3] SauceDemoProject1:58 - password send
2022-10-10 09:46:27,710  INFO [TestNG-test=HighPriorityTest-1] SauceDemoProject1:58 - password send
2022-10-10 09:46:30,003  INFO [TestNG-test=HighPriorityTest-1] SauceDemoProject1:61 - click on login button
2022-10-10 09:46:30,361  INFO [TestNG-test=HighPriorityTest-3] SauceDemoProject1:61 - click on login button
2022-10-10 09:46:30,860  INFO [TestNG-test=HighPriorityTest-2] SauceDemoProject1:61 - click on login button
2022-10-10 09:46:36,265  INFO [TestNG-test=HighPriorityTest-1] SauceDemoProject1:22 - add to cart the product
2022-10-10 09:46:38,594  INFO [TestNG-test=HighPriorityTest-1] SauceDemoProject1:26 - product added to cart
2022-10-10 09:46:39,916  INFO [TestNG-test=HighPriorityTest-1] SauceDemoProject1:31 - click on checkout
2022-10-10 09:46:40,808  INFO [TestNG-test=HighPriorityTest-2] SauceDemoProject1:68 - close Browser
2022-10-10 09:46:40,810  INFO [TestNG-test=HighPriorityTest-2] SauceDemoProject1:69 - End of Program
2022-10-10 09:46:41,892  INFO [TestNG-test=HighPriorityTest-1] SauceDemoProject1:37 - first name,last name and pin code is added
2022-10-10 09:46:43,096  INFO [TestNG-test=HighPriorityTest-1] SauceDemoProject1:40 - click on continue button
2022-10-10 09:46:45,781  INFO [TestNG-test=HighPriorityTest-1] SauceDemoProject1:68 - close Browser
2022-10-10 09:46:45,783  INFO [TestNG-test=HighPriorityTest-1] SauceDemoProject1:69 - End of Program
2022-10-10 09:46:45,798  INFO [TestNG-test=HighPriorityTest-3] SauceDemoProject1:68 - close Browser
2022-10-10 09:46:45,800  INFO [TestNG-test=HighPriorityTest-3] SauceDemoProject1:69 - End of Program
2022-10-10 09:47:19,365  INFO [TestNG-test=LowPriorityTest-2] SauceDemoProject1:43 - Browser open
2022-10-10 09:47:23,357  INFO [TestNG-test=LowPriorityTest-2] SauceDemoProject1:46 - Saucedemo website is open
2022-10-10 09:47:23,392  INFO [TestNG-test=LowPriorityTest-2] SauceDemoProject1:49 - maximize the window
2022-10-10 09:47:26,074  INFO [TestNG-test=LowPriorityTest-2] SauceDemoProject1:55 - username send
2022-10-10 09:47:27,289  INFO [TestNG-test=LowPriorityTest-2] SauceDemoProject1:58 - password send
2022-10-10 09:47:30,124  INFO [TestNG-test=LowPriorityTest-2] SauceDemoProject1:61 - click on login button
2022-10-10 09:47:32,783  INFO [TestNG-test=LowPriorityTest-1] SauceDemoProject1:43 - Browser open
2022-10-10 09:47:34,116  INFO [TestNG-test=LowPriorityTest-3] SauceDemoProject1:43 - Browser open
2022-10-10 09:47:37,439  INFO [TestNG-test=LowPriorityTest-1] SauceDemoProject1:46 - Saucedemo website is open
2022-10-10 09:47:37,518  INFO [TestNG-test=LowPriorityTest-1] SauceDemoProject1:49 - maximize the window
2022-10-10 09:47:39,116  INFO [TestNG-test=LowPriorityTest-1] SauceDemoProject1:55 - username send
2022-10-10 09:47:39,551  INFO [TestNG-test=LowPriorityTest-1] SauceDemoProject1:58 - password send
2022-10-10 09:47:41,553  INFO [TestNG-test=LowPriorityTest-1] SauceDemoProject1:61 - click on login button
2022-10-10 09:47:42,443  INFO [TestNG-test=LowPriorityTest-1] SauceDemoProject1:22 - add to cart the product
2022-10-10 09:47:43,677  INFO [TestNG-test=LowPriorityTest-1] SauceDemoProject1:26 - product added to cart
2022-10-10 09:47:44,590  INFO [TestNG-test=LowPriorityTest-1] SauceDemoProject1:31 - click on checkout
2022-10-10 09:47:46,093  INFO [TestNG-test=LowPriorityTest-1] SauceDemoProject1:37 - first name,last name and pin code is added
2022-10-10 09:47:47,102  INFO [TestNG-test=LowPriorityTest-1] SauceDemoProject1:40 - click on continue button
2022-10-10 09:47:49,888  INFO [TestNG-test=LowPriorityTest-2] SauceDemoProject1:68 - close Browser
2022-10-10 09:47:49,890  INFO [TestNG-test=LowPriorityTest-2] SauceDemoProject1:69 - End of Program
2022-10-10 09:47:51,373  INFO [TestNG-test=LowPriorityTest-3] SauceDemoProject1:46 - Saucedemo website is open
2022-10-10 09:47:51,448  INFO [TestNG-test=LowPriorityTest-3] SauceDemoProject1:49 - maximize the window
2022-10-10 09:47:53,147  INFO [TestNG-test=LowPriorityTest-3] SauceDemoProject1:55 - username send
2022-10-10 09:47:53,485  INFO [TestNG-test=LowPriorityTest-3] SauceDemoProject1:58 - password send
2022-10-10 09:47:54,880  INFO [TestNG-test=LowPriorityTest-3] SauceDemoProject1:61 - click on login button
2022-10-10 09:48:00,136  INFO [TestNG-test=LowPriorityTest-1] SauceDemoProject1:68 - close Browser
2022-10-10 09:48:00,141  INFO [TestNG-test=LowPriorityTest-1] SauceDemoProject1:69 - End of Program
2022-10-10 09:48:02,767  INFO [TestNG-test=LowPriorityTest-3] SauceDemoProject1:68 - close Browser
2022-10-10 09:48:02,768  INFO [TestNG-test=LowPriorityTest-3] SauceDemoProject1:69 - End of Program
